  316027157_ProyectoFinal_GPO04.cpp
C:\Users\eduar\Documents\LABCompuGrafica\Repositorio\316027157_ProyectoFinal_Gpo04\ProyectoFinal\ProyectoFinal\316027157_ProyectoFinal_GPO04.cpp(91,16402): warning C4305: 'inicializando': truncamiento de 'double' a 'float'
C:\Users\eduar\Documents\LABCompuGrafica\Repositorio\316027157_ProyectoFinal_Gpo04\ProyectoFinal\ProyectoFinal\316027157_ProyectoFinal_GPO04.cpp(93,16519): warning C4305: 'inicializando': truncamiento de 'double' a 'float'
C:\Users\eduar\Documents\LABCompuGrafica\Repositorio\316027157_ProyectoFinal_Gpo04\ProyectoFinal\ProyectoFinal\316027157_ProyectoFinal_GPO04.cpp(95,18580): warning C4305: 'inicializando': truncamiento de 'double' a 'float'
C:\Users\eduar\Documents\LABCompuGrafica\Repositorio\316027157_ProyectoFinal_Gpo04\ProyectoFinal\ProyectoFinal\316027157_ProyectoFinal_GPO04.cpp(98,26): warning C4305: 'inicializando': truncamiento de 'double' a 'float'
C:\Users\eduar\Documents\LABCompuGrafica\Repositorio\316027157_ProyectoFinal_Gpo04\ProyectoFinal\ProyectoFinal\316027157_ProyectoFinal_GPO04.cpp(106,5091): warning C4305: 'inicializando': truncamiento de 'double' a 'float'
C:\Users\eduar\Documents\LABCompuGrafica\Repositorio\316027157_ProyectoFinal_Gpo04\ProyectoFinal\ProyectoFinal\316027157_ProyectoFinal_GPO04.cpp(108,4541): warning C4305: 'inicializando': truncamiento de 'double' a 'float'
C:\Users\eduar\Documents\LABCompuGrafica\Repositorio\316027157_ProyectoFinal_Gpo04\ProyectoFinal\ProyectoFinal\316027157_ProyectoFinal_GPO04.cpp(110,5155): warning C4305: 'inicializando': truncamiento de 'double' a 'float'
C:\Users\eduar\Documents\LABCompuGrafica\Repositorio\316027157_ProyectoFinal_Gpo04\ProyectoFinal\ProyectoFinal\316027157_ProyectoFinal_GPO04.cpp(286,24): warning C4244: 'inicializando': conversión de 'double' a 'GLfloat'; posible pérdida de datos
C:\Users\eduar\Documents\LABCompuGrafica\Repositorio\316027157_ProyectoFinal_Gpo04\ProyectoFinal\ProyectoFinal\316027157_ProyectoFinal_GPO04.cpp(358,94): warning C4305: 'argumento': truncamiento de 'double' a 'GLfloat'
C:\Users\eduar\Documents\LABCompuGrafica\Repositorio\316027157_ProyectoFinal_Gpo04\ProyectoFinal\ProyectoFinal\316027157_ProyectoFinal_GPO04.cpp(713,19): warning C4305: '+=': truncamiento de 'double' a 'float'
C:\Users\eduar\Documents\LABCompuGrafica\Repositorio\316027157_ProyectoFinal_Gpo04\ProyectoFinal\ProyectoFinal\316027157_ProyectoFinal_GPO04.cpp(807,22): warning C4305: '=': truncamiento de 'double' a 'float'
C:\Users\eduar\Documents\LABCompuGrafica\Repositorio\316027157_ProyectoFinal_Gpo04\ProyectoFinal\ProyectoFinal\316027157_ProyectoFinal_GPO04.cpp(910,11): warning C4244: '=': conversión de 'double' a 'GLfloat'; posible pérdida de datos
C:\Users\eduar\Documents\LABCompuGrafica\Repositorio\316027157_ProyectoFinal_Gpo04\ProyectoFinal\ProyectoFinal\316027157_ProyectoFinal_GPO04.cpp(911,11): warning C4244: '=': conversión de 'double' a 'GLfloat'; posible pérdida de datos
C:\Users\eduar\Documents\LABCompuGrafica\Repositorio\316027157_ProyectoFinal_Gpo04\ProyectoFinal\ProyectoFinal\316027157_ProyectoFinal_GPO04.cpp(915,18): warning C4244: 'inicializando': conversión de 'double' a 'GLfloat'; posible pérdida de datos
C:\Users\eduar\Documents\LABCompuGrafica\Repositorio\316027157_ProyectoFinal_Gpo04\ProyectoFinal\ProyectoFinal\316027157_ProyectoFinal_GPO04.cpp(916,18): warning C4244: 'inicializando': conversión de 'double' a 'GLfloat'; posible pérdida de datos
C:\Users\eduar\Documents\LABCompuGrafica\Repositorio\316027157_ProyectoFinal_Gpo04\ProyectoFinal\ProyectoFinal\316027157_ProyectoFinal_GPO04.cpp(918,10): warning C4244: '=': conversión de 'double' a 'GLfloat'; posible pérdida de datos
C:\Users\eduar\Documents\LABCompuGrafica\Repositorio\316027157_ProyectoFinal_Gpo04\ProyectoFinal\ProyectoFinal\316027157_ProyectoFinal_GPO04.cpp(919,10): warning C4244: '=': conversión de 'double' a 'GLfloat'; posible pérdida de datos
LINK : warning LNK4098: la biblioteca predeterminada'MSVCRT' entra en conflicto con otras bibliotecas; use la biblioteca /NODEFAULTLIB:biblioteca
soil2-debug.lib(etc1_utils.obj) : warning LNK4099: no se encontró PDB 'soil2-debug.pdb' con 'soil2-debug.lib(etc1_utils.obj)' o en 'C:\Users\eduar\Documents\LABCompuGrafica\Repositorio\316027157_ProyectoFinal_Gpo04\ProyectoFinal\Debug\soil2-debug.pdb'; se vinculará el objeto sin tener en cuenta información de depuración
soil2-debug.lib(image_DXT.obj) : warning LNK4099: no se encontró PDB 'soil2-debug.pdb' con 'soil2-debug.lib(image_DXT.obj)' o en 'C:\Users\eduar\Documents\LABCompuGrafica\Repositorio\316027157_ProyectoFinal_Gpo04\ProyectoFinal\Debug\soil2-debug.pdb'; se vinculará el objeto sin tener en cuenta información de depuración
soil2-debug.lib(image_helper.obj) : warning LNK4099: no se encontró PDB 'soil2-debug.pdb' con 'soil2-debug.lib(image_helper.obj)' o en 'C:\Users\eduar\Documents\LABCompuGrafica\Repositorio\316027157_ProyectoFinal_Gpo04\ProyectoFinal\Debug\soil2-debug.pdb'; se vinculará el objeto sin tener en cuenta información de depuración
soil2-debug.lib(SOIL2.obj) : warning LNK4099: no se encontró PDB 'soil2-debug.pdb' con 'soil2-debug.lib(SOIL2.obj)' o en 'C:\Users\eduar\Documents\LABCompuGrafica\Repositorio\316027157_ProyectoFinal_Gpo04\ProyectoFinal\Debug\soil2-debug.pdb'; se vinculará el objeto sin tener en cuenta información de depuración
  ProyectoFinal.vcxproj -> C:\Users\eduar\Documents\LABCompuGrafica\Repositorio\316027157_ProyectoFinal_Gpo04\ProyectoFinal\Debug\ProyectoFinal.exe
